 
****************************************
Report : area
Design : top_module
Version: O-2018.06-SP1
Date   : Fri Jan 31 22:54:15 2025
****************************************

Library(s) Used:

    IBM_CMOS8HP_SS125 (File: /apps/design_kits/ibm_kits/IBM_IP/ibm_cmos8hp/std_cell/sc/v.20110613/synopsys/ss_125/IBM_CMOS8HP_SS125.db)

Number of ports:                          112
Number of nets:                           664
Number of cells:                          500
Number of combinational cells:            389
Number of sequential cells:               106
Number of macros/black boxes:               0
Number of buf/inv:                        225
Number of references:                       6

Combinational area:               5458.560040
Buf/Inv area:                     2651.520039
Noncombinational area:            5518.080017
Macro/Black Box area:                0.000000
Net Interconnect area:      undefined  (Wire load has zero net area)

Total cell area:                 10976.640057
Total area:                 undefined

Hierarchical area distribution
------------------------------

                                  Global cell area           Local cell area
                                  -------------------  ---------------------------- 
Hierarchical cell                 Absolute    Percent  Combi-     Noncombi-  Black-
                                  Total       Total    national   national   boxes   Design
--------------------------------  ----------  -------  ---------  ---------  ------  -------------------
top_module                        10976.6401    100.0    57.6000     0.0000  0.0000  top_module
memory                             8098.5601     73.8  4212.4800  3886.0800  0.0000  fifo_memory
read_ctrl                           735.3600      6.7   533.7600   201.6000  0.0000  read_control_logic
sync_read                           664.3200      6.1    57.6000   606.7200  0.0000  gray_code_sync_0
sync_write                          597.1200      5.4    51.8400   545.2800  0.0000  gray_code_sync_1
write_ctrl                          823.6800      7.5   545.2800   278.4000  0.0000  write_control_logic
--------------------------------  ----------  -------  ---------  ---------  ------  -------------------
Total                                                  5458.5600  5518.0800  0.0000

1
